<?xml version="1.0" encoding="UTF-8"?>
<!-- Generated by org.testng.reporters.JUnitXMLReporter -->
<testsuite hostname="Andys-MacBook-Pro-2.local" ignored="8" name="Regression Tests" tests="2" failures="2" timestamp="2020-04-28T23:51:18 PDT" time="16.973" errors="0">
  <testcase name="loginCorrectCredentials" time="1.095" classname="tests.LoginPageTest">
    <failure type="org.openqa.selenium.NoSuchWindowException" message="no such window: target window already closed
from unknown error: web view not found
  (Session info: chrome=81.0.4044.122)
Build info: version: &amp;apos;3.141.59&amp;apos;, revision: &amp;apos;e82be7d358&amp;apos;, time: &amp;apos;2018-11-14T08:17:03&amp;apos;
System info: host: &amp;apos;Andys-MacBook-Pro-2.local&amp;apos;, ip: &amp;apos;fe80:0:0:0:c4f:5663:7170:cdd9%en0&amp;apos;, os.name: &amp;apos;Mac OS X&amp;apos;, os.arch: &amp;apos;x86_64&amp;apos;, os.version: &amp;apos;10.15.3&amp;apos;, java.version: &amp;apos;1.8.0_241&amp;apos;
Driver info: org.openqa.selenium.chrome.ChromeDriver
Capabilities {acceptInsecureCerts: false, browserName: chrome, browserVersion: 81.0.4044.122, chrome: {chromedriverVersion: 81.0.4044.69 (6813546031a4b..., userDataDir: /var/folders/7p/ksvlcbz103d...}, goog:chromeOptions: {debuggerAddress: localhost:51746}, javascriptEnabled: true, networkConnectionEnabled: false, pageLoadStrategy: normal, platform: MAC, platformName: MAC, proxy: Proxy(), setWindowRect: true, strictFileInteractability: false, timeouts: {implicit: 0, pageLoad: 300000, script: 30000}, unhandledPromptBehavior: dismiss and notify, webauthn:virtualAuthenticators: true}
Session ID: a6b180b21e893aa8226adb29f4dbd50f
*** Element info: {Using=css selector, value=#gss-keep-signin-check}">
      <![CDATA[org.openqa.selenium.NoSuchWindowException: no such window: target window already closed
from unknown error: web view not found
  (Session info: chrome=81.0.4044.122)
Build info: version: '3.141.59', revision: 'e82be7d358', time: '2018-11-14T08:17:03'
System info: host: 'Andys-MacBook-Pro-2.local', ip: 'fe80:0:0:0:c4f:5663:7170:cdd9%en0', os.name: 'Mac OS X', os.arch: 'x86_64', os.version: '10.15.3', java.version: '1.8.0_241'
Driver info: org.openqa.selenium.chrome.ChromeDriver
Capabilities {acceptInsecureCerts: false, browserName: chrome, browserVersion: 81.0.4044.122, chrome: {chromedriverVersion: 81.0.4044.69 (6813546031a4b..., userDataDir: /var/folders/7p/ksvlcbz103d...}, goog:chromeOptions: {debuggerAddress: localhost:51746}, javascriptEnabled: true, networkConnectionEnabled: false, pageLoadStrategy: normal, platform: MAC, platformName: MAC, proxy: Proxy(), setWindowRect: true, strictFileInteractability: false, timeouts: {implicit: 0, pageLoad: 300000, script: 30000}, unhandledPromptBehavior: dismiss and notify, webauthn:virtualAuthenticators: true}
Session ID: a6b180b21e893aa8226adb29f4dbd50f
*** Element info: {Using=css selector, value=#gss-keep-signin-check}
at org.openqa.selenium.remote.http.W3CHttpResponseCodec.createException(W3CHttpResponseCodec.java:187)
at org.openqa.selenium.remote.http.W3CHttpResponseCodec.decode(W3CHttpResponseCodec.java:122)
at org.openqa.selenium.remote.http.W3CHttpResponseCodec.decode(W3CHttpResponseCodec.java:49)
at org.openqa.selenium.remote.HttpCommandExecutor.execute(HttpCommandExecutor.java:158)
at org.openqa.selenium.remote.service.DriverCommandExecutor.execute(DriverCommandExecutor.java:83)
at org.openqa.selenium.remote.RemoteWebDriver.execute(RemoteWebDriver.java:552)
at org.openqa.selenium.remote.RemoteWebDriver.findElement(RemoteWebDriver.java:323)
at org.openqa.selenium.remote.RemoteWebDriver.findElementByCssSelector(RemoteWebDriver.java:420)
at org.openqa.selenium.By$ByCssSelector.findElement(By.java:431)
at org.openqa.selenium.remote.RemoteWebDriver.findElement(RemoteWebDriver.java:315)
at pageObjects.LoginPage.uncheckKeepSignedIn(LoginPage.java:70)
at tests.LoginPageTest.loginCorrectCredentials(LoginPageTest.java:52)
at java.util.ArrayList.forEach(ArrayList.java:1257)
... Removed 31 stack frames]]>
    </failure>
  </testcase> <!-- loginCorrectCredentials -->
  <testcase name="loginCorrectCredentials" time="1.117" classname="tests.LoginPageTest">
    <failure type="java.lang.NullPointerException">
      <![CDATA[java.lang.NullPointerException
at util.TestListener.onTestFailure(TestListener.java:46)
at java.util.ArrayList.forEach(ArrayList.java:1257)
... Removed 24 stack frames]]>
    </failure>
  </testcase> <!-- loginCorrectCredentials -->
  <testcase name="clickEachNavigationTab" time="0.0" classname="tests.HomePageTest">
    <ignored/>
  </testcase> <!-- clickEachNavigationTab -->
  <testcase name="verifyFacebookLoginLinkDisplayed" time="0.0" classname="tests.LoginPageTest">
    <ignored/>
  </testcase> <!-- verifyFacebookLoginLinkDisplayed -->
  <testcase name="clickForgotPasswordLink" time="0.0" classname="tests.LoginPageTest">
    <ignored/>
  </testcase> <!-- clickForgotPasswordLink -->
  <testcase name="verifyTitle" time="0.0" classname="tests.HomePageTest">
    <ignored/>
  </testcase> <!-- verifyTitle -->
  <testcase name="cannotProceedSearchWithInsufficientInformation" time="0.0" classname="tests.FlightSearchPageTest">
    <ignored/>
  </testcase> <!-- cannotProceedSearchWithInsufficientInformation -->
  <testcase name="verifyGoogleLoginLinkDisplayed" time="0.0" classname="tests.LoginPageTest">
    <ignored/>
  </testcase> <!-- verifyGoogleLoginLinkDisplayed -->
  <testcase name="verifyLogoIsPresent" time="0.0" classname="tests.HomePageTest">
    <ignored/>
  </testcase> <!-- verifyLogoIsPresent -->
  <testcase name="editFlight" time="0.0" classname="tests.FlightSearchPageTest">
    <ignored/>
  </testcase> <!-- editFlight -->
</testsuite> <!-- Regression Tests -->
